#
# A fatal error has been detected by the Java Runtime Environment:
#
#  EXCEPTION_ACCESS_VIOLATION (0xc0000005) at pc=0x00007ff808bc1ff8, pid=4968, tid=29280
#
# JRE version: Java(TM) SE Runtime Environment (19.0+36) (build 19+36-2238)
# Java VM: Java HotSpot(TM) 64-Bit Server VM (19+36-2238, mixed mode, emulated-client, sharing, tiered, compressed oops, compressed class ptrs, g1 gc, windows-amd64)
# Problematic frame:
# V  [jvm.dll+0x271ff8]
#
# No core dump will be written. Minidumps are not enabled by default on client versions of Windows
#
# If you would like to submit a bug report, please visit:
#   https://bugreport.java.com/bugreport/crash.jsp
#

---------------  S U M M A R Y ------------

Command Line: -agentlib:jdwp=transport=dt_socket,suspend=y,address=localhost:52194 -Dcom.sun.management.jmxremote -Dcom.sun.management.jmxremote.port=52193 -Dcom.sun.management.jmxremote.authenticate=false -Dcom.sun.management.jmxremote.ssl=false -Djava.rmi.server.hostname=localhost -Dspring.jmx.enabled=true -Dspring.application.admin.enabled=true -Xverify:none -XX:TieredStopAtLevel=1 -Dspring.boot.project.name=spring-boot-jpa-h2 -Dfile.encoding=UTF-8 com.bezkoder.spring.jpa.h2.SpringBootJpaH2Application --spring.output.ansi.enabled=always

Host: Intel(R) Core(TM) i5-8265U CPU @ 1.60GHz, 8 cores, 7G,  Windows 10 , 64 bit Build 19041 (10.0.19041.1889)
Time: Sun Oct 16 12:17:36 2022 India Standard Time elapsed time: 277.200497 seconds (0d 0h 4m 37s)

---------------  T H R E A D  ---------------

Current thread (0x000002c2d36cb090):  VMThread "VM Thread" [stack: 0x000000d915400000,0x000000d915500000] [id=29280]

Stack: [0x000000d915400000,0x000000d915500000],  sp=0x000000d9154ff4a0,  free space=1021k
Native frames: (J=compiled Java code, j=interpreted, Vv=VM code, C=native code)
V  [jvm.dll+0x271ff8]
V  [jvm.dll+0x6a4453]
V  [jvm.dll+0x6a4dfd]
V  [jvm.dll+0x5977e7]
V  [jvm.dll+0x59b5c8]
V  [jvm.dll+0x59917b]
V  [jvm.dll+0x85ef83]
V  [jvm.dll+0x85fd49]
V  [jvm.dll+0x86027d]
V  [jvm.dll+0x86070b]
V  [jvm.dll+0x8607c7]
V  [jvm.dll+0x8015fa]
V  [jvm.dll+0x6ed5eb]
C  [ucrtbase.dll+0x21bb2]
C  [KERNEL32.DLL+0x17034]
C  [ntdll.dll+0x526a1]


siginfo: EXCEPTION_ACCESS_VIOLATION (0xc0000005), reading address 0x000002c2d63be820


Registers:
RAX=0x00000000001fffe0, RBX=0x000002c2d61bc490, RCX=0x000002c2d61be818, RDX=0x000000000000ffff
RSP=0x000000d9154ff4a0, RBP=0x000002c2d61bc490, RSI=0x000000000000ffff, RDI=0x000000000000ffff
R8 =0x000002c2d61bd4d8, R9 =0x000000d9154ff580, R10=0x000002c2bf1971c0, R11=0x000002c2d61bd4d8
R12=0x000002c2d45faaf8, R13=0x000002c2d61bc490, R14=0x000000d9154ff5b0, R15=0x00000000000000b9
RIP=0x00007ff808bc1ff8, EFLAGS=0x0000000000010202


Register to memory mapping:

RIP=0x00007ff808bc1ff8 jvm.dll
RAX=0x00000000001fffe0 is an unknown value
RBX=0x000002c2d61bc490 is pointing into metadata
RCX=0x000002c2d61be818 is pointing into metadata
RDX=0x000000000000ffff is an unknown value
RSP=0x000000d9154ff4a0 points into unknown readable memory: 0x000000080047c0b0 | b0 c0 47 00 08 00 00 00
RBP=0x000002c2d61bc490 is pointing into metadata
RSI=0x000000000000ffff is an unknown value
RDI=0x000000000000ffff is an unknown value
R8 ={method} {0x000002c2d61bd4e0} 'deleteAllTutorials' '()Lorg/springframework/http/ResponseEntity;' in 'com/bezkoder/spring/jpa/h2/controller/TutorialController'
R9 =0x000000d9154ff580 points into unknown readable memory: 0x000002c2d61bd4d8 | d8 d4 1b d6 c2 02 00 00
R10=0x000002c2bf1971c0 points into unknown readable memory: 0x0000001e00000002 | 02 00 00 00 1e 00 00 00
R11={method} {0x000002c2d61bd4e0} 'deleteAllTutorials' '()Lorg/springframework/http/ResponseEntity;' in 'com/bezkoder/spring/jpa/h2/controller/TutorialController'
R12=0x000002c2d45faaf8 is pointing into metadata
R13=0x000002c2d61bc490 is pointing into metadata
R14=0x000000d9154ff5b0 points into unknown readable memory: 0x000002c2d45fbb88 | 88 bb 5f d4 c2 02 00 00
R15=0x00000000000000b9 is an unknown value


Top of Stack: (sp=0x000000d9154ff4a0)
0x000000d9154ff4a0:   000000080047c0b0 000000d9154ff550
0x000000d9154ff4b0:   000002c2d45fb7b0 00007ff80902f921
0x000000d9154ff4c0:   000000000000001d 00007ff808ff4453
0x000000d9154ff4d0:   00000000000000b9 00007ff808cf2610
0x000000d9154ff4e0:   000002c2d61bc490 000000d9154ff580
0x000000d9154ff4f0:   0000000000000000 0000000000000000
0x000000d9154ff500:   000000d9154ff580 00007ff808aa380e
0x000000d9154ff510:   000002c2d61bd4d8 000002c2d7a4b230
0x000000d9154ff520:   00000000000000b9 000002c2d61bd484
0x000000d9154ff530:   00000000000000b9 00007ff808ff4dfd
0x000000d9154ff540:   00000000000000b9 000000d9154ff5b9
0x000000d9154ff550:   00000000000000b9 0000000000000018
0x000000d9154ff560:   000002c2d45faaf8 000002c2d61bc490
0x000000d9154ff570:   000002c2d61bd4d8 000002c2d36cb090
0x000000d9154ff580:   000002c2d61bd4d8 000002c2d36cb090
0x000000d9154ff590:   0000000900000004 000000b900000020 

Instructions: (pc=0x00007ff808bc1ff8)
0x00007ff808bc1ef8:   cc cc cc cc cc cc cc cc 48 89 5c 24 10 48 89 74
0x00007ff808bc1f08:   24 18 57 48 83 ec 30 48 63 da 49 8b f0 48 8b f9
0x00007ff808bc1f18:   85 d2 79 24 4c 8d 0d dd c9 70 00 ba b6 02 00 00
0x00007ff808bc1f28:   4c 8d 05 09 ca 70 00 48 8d 0d 82 c9 70 00 e8 b5
0x00007ff808bc1f38:   08 01 00 e8 70 c3 47 00 48 8b 57 10 48 85 d2 74
0x00007ff808bc1f48:   0f 48 8b c3 48 c1 e0 05 48 8b 44 10 28 0f b7 d8
0x00007ff808bc1f58:   48 63 c3 48 8d 54 24 40 48 89 7c 24 20 48 89 74
0x00007ff808bc1f68:   24 28 48 8b 8e 60 02 00 00 8b 5c c7 48 48 89 7c
0x00007ff808bc1f78:   24 40 e8 81 1b da ff 0f b7 d3 48 8d 4c 24 20 4c
0x00007ff808bc1f88:   8b c6 e8 51 fc ff ff 48 8d 4c 24 20 48 8b d8 e8
0x00007ff808bc1f98:   04 07 13 00 48 8b 74 24 50 48 8b c3 48 8b 5c 24
0x00007ff808bc1fa8:   48 48 83 c4 30 5f c3 cc 48 89 5c 24 08 57 48 83
0x00007ff808bc1fb8:   ec 20 48 63 fa 48 8b d9 85 d2 79 24 4c 8d 0d 35
0x00007ff808bc1fc8:   c9 70 00 ba b6 02 00 00 4c 8d 05 61 c9 70 00 48
0x00007ff808bc1fd8:   8d 0d da c8 70 00 e8 0d 08 01 00 e8 c8 c2 47 00
0x00007ff808bc1fe8:   48 8b 4b 10 48 85 c9 74 0f 48 8b c7 48 c1 e0 05
0x00007ff808bc1ff8:   48 8b 44 08 28 0f b7 f8 48 63 c7 0f b7 4c c3 48
0x00007ff808bc2008:   0f b7 44 cb 4a 48 8b 44 c3 48 48 8b 5c 24 30 48
0x00007ff808bc2018:   83 c4 20 5f c3 cc cc cc 4c 8b 41 20 4d 8b 00 e9
0x00007ff808bc2028:   64 02 00 00 cc cc cc cc 48 8b 49 20 48 8b 09 e9
0x00007ff808bc2038:   04 e7 00 00 cc cc cc cc 48 89 5c 24 18 56 57 41
0x00007ff808bc2048:   56 48 83 ec 20 48 83 3d eb 30 95 00 00 4c 8b f2
0x00007ff808bc2058:   48 8b f9 74 0f 48 8b d1 48 8d 0d 29 c8 70 00 e8
0x00007ff808bc2068:   84 2a e5 ff 45 33 c0 41 8d 50 18 8d 4a 10 e8 e5
0x00007ff808bc2078:   1f e5 ff 33 db 48 85 c0 74 22 48 8d 4f 08 89 58
0x00007ff808bc2088:   08 48 89 48 20 48 8d 0d 9c d9 6d 00 48 89 08 88
0x00007ff808bc2098:   58 0c 48 89 58 10 48 89 58 18 eb 03 48 8b c3 48
0x00007ff808bc20a8:   8b d0 49 8b ce e8 be 43 42 00 45 33 c0 41 8d 50
0x00007ff808bc20b8:   18 8d 4a 10 e8 9f 1f e5 ff 48 85 c0 74 27 48 8d
0x00007ff808bc20c8:   0d 43 cd 70 00 c7 40 08 02 00 00 00 48 89 08 48
0x00007ff808bc20d8:   8d 4f 10 48 89 48 20 c6 40 0c 00 48 89 58 10 48
0x00007ff808bc20e8:   89 58 18 eb 03 48 8b c3 48 8b d0 49 8b ce e8 75 


Stack slot to memory mapping:
stack at sp + 0 slots: 0x000000080047c0b0 is pointing into metadata
stack at sp + 1 slots: 0x000000d9154ff550 points into unknown readable memory: 0x00000000000000b9 | b9 00 00 00 00 00 00 00
stack at sp + 2 slots: {method} {0x000002c2d45fb7b8} 'createTutorial' '(Lcom/bezkoder/spring/jpa/h2/model/Tutorial;)Lorg/springframework/http/ResponseEntity;' in 'com/bezkoder/spring/jpa/h2/controller/TutorialController'
stack at sp + 3 slots: 0x00007ff80902f921 jvm.dll
stack at sp + 4 slots: 0x000000000000001d is an unknown value
stack at sp + 5 slots: 0x00007ff808ff4453 jvm.dll
stack at sp + 6 slots: 0x00000000000000b9 is an unknown value
stack at sp + 7 slots: 0x00007ff808cf2610 jvm.dll

VM_Operation (0x000000d9161ff850): RedefineClasses, mode: safepoint, requested by thread 0x000002c2d7a4a190, redefining class com.bezkoder.spring.jpa.h2.controller.TutorialController



---------------  P R O C E S S  ---------------

Threads class SMR info:
_java_thread_list=0x000002c2d7c18180, length=34, elements={
0x000002c2d36e7630, 0x000002c2d36e8420, 0x000002c2d36ecf70, 0x000002c2d36f0a60,
0x000002c2d36f14d0, 0x000002c2d36fafd0, 0x000002c2d3707680, 0x000002c2d370f200,
0x000002c2d370d770, 0x000002c2d7a4a190, 0x000002c2d7a54b20, 0x000002c2d7a57080,
0x000002c2d370d220, 0x000002c2d370ecb0, 0x000002c2d370fca0, 0x000002c2d37101f0,
0x000002c2d907eaf0, 0x000002c2d9080580, 0x000002c2d9080ad0, 0x000002c2d907fae0,
0x000002c2d90790a0, 0x000002c2d90795f0, 0x000002c2d907b080, 0x000002c2d907ab30,
0x000002c2d907a5e0, 0x000002c2d907c070, 0x000002c2d907f040, 0x000002c2d9079b40,
0x000002c2d907e050, 0x000002c2d907c5c0, 0x000002c2d907bb20, 0x000002c2d907d060,
0x000002c2d9080030, 0x000002c2d907db00
}

Java Threads: ( => current thread )
  0x000002c2d36e7630 JavaThread "Reference Handler" daemon [_thread_blocked, id=16236, stack(0x000000d915500000,0x000000d915600000)]
  0x000002c2d36e8420 JavaThread "Finalizer" daemon [_thread_blocked, id=27800, stack(0x000000d915600000,0x000000d915700000)]
  0x000002c2d36ecf70 JavaThread "Signal Dispatcher" daemon [_thread_blocked, id=26580, stack(0x000000d915700000,0x000000d915800000)]
  0x000002c2d36f0a60 JavaThread "Attach Listener" daemon [_thread_blocked, id=4144, stack(0x000000d915800000,0x000000d915900000)]
  0x000002c2d36f14d0 JavaThread "Service Thread" daemon [_thread_blocked, id=23900, stack(0x000000d915900000,0x000000d915a00000)]
  0x000002c2d36fafd0 JavaThread "Monitor Deflation Thread" daemon [_thread_blocked, id=28688, stack(0x000000d915a00000,0x000000d915b00000)]
  0x000002c2d3707680 JavaThread "C1 CompilerThread0" daemon [_thread_blocked, id=27856, stack(0x000000d915b00000,0x000000d915c00000)]
  0x000002c2d370f200 JavaThread "Sweeper thread" daemon [_thread_blocked, id=21804, stack(0x000000d915c00000,0x000000d915d00000)]
  0x000002c2d370d770 JavaThread "Common-Cleaner" daemon [_thread_blocked, id=22716, stack(0x000000d915d00000,0x000000d915e00000)]
  0x000002c2d7a4a190 JavaThread "JDWP Transport Listener: dt_socket" daemon [_thread_blocked, id=260, stack(0x000000d916100000,0x000000d916200000)]
  0x000002c2d7a54b20 JavaThread "JDWP Event Helper Thread" daemon [_thread_blocked, id=23892, stack(0x000000d916200000,0x000000d916300000)]
  0x000002c2d7a57080 JavaThread "JDWP Command Reader" daemon [_thread_in_native, id=20632, stack(0x000000d916300000,0x000000d916400000)]
  0x000002c2d370d220 JavaThread "Notification Thread" daemon [_thread_blocked, id=29760, stack(0x000000d916400000,0x000000d916500000)]
  0x000002c2d370ecb0 JavaThread "RMI TCP Accept-0" daemon [_thread_in_native, id=30556, stack(0x000000d916500000,0x000000d916600000)]
  0x000002c2d370fca0 JavaThread "RMI TCP Accept-52193" daemon [_thread_in_native, id=2004, stack(0x000000d916600000,0x000000d916700000)]
  0x000002c2d37101f0 JavaThread "RMI TCP Accept-0" daemon [_thread_in_native, id=24396, stack(0x000000d916700000,0x000000d916800000)]
  0x000002c2d907eaf0 JavaThread "RMI Scheduler(0)" daemon [_thread_blocked, id=28572, stack(0x000000d917100000,0x000000d917200000)]
  0x000002c2d9080580 JavaThread "HikariPool-1 housekeeper" daemon [_thread_blocked, id=25096, stack(0x000000d917400000,0x000000d917500000)]
  0x000002c2d9080ad0 JavaThread "Catalina-utility-1" [_thread_blocked, id=18152, stack(0x000000d917500000,0x000000d917600000)]
  0x000002c2d907fae0 JavaThread "Catalina-utility-2" [_thread_blocked, id=25052, stack(0x000000d917600000,0x000000d917700000)]
  0x000002c2d90790a0 JavaThread "container-0" [_thread_blocked, id=6184, stack(0x000000d917700000,0x000000d917800000)]
  0x000002c2d90795f0 JavaThread "http-nio-8080-exec-1" daemon [_thread_blocked, id=23124, stack(0x000000d917900000,0x000000d917a00000)]
  0x000002c2d907b080 JavaThread "http-nio-8080-exec-2" daemon [_thread_blocked, id=4460, stack(0x000000d917a00000,0x000000d917b00000)]
  0x000002c2d907ab30 JavaThread "http-nio-8080-exec-3" daemon [_thread_blocked, id=20612, stack(0x000000d917b00000,0x000000d917c00000)]
  0x000002c2d907a5e0 JavaThread "http-nio-8080-exec-4" daemon [_thread_blocked, id=4556, stack(0x000000d917c00000,0x000000d917d00000)]
  0x000002c2d907c070 JavaThread "http-nio-8080-exec-5" daemon [_thread_blocked, id=1380, stack(0x000000d917d00000,0x000000d917e00000)]
  0x000002c2d907f040 JavaThread "http-nio-8080-exec-6" daemon [_thread_blocked, id=29956, stack(0x000000d917e00000,0x000000d917f00000)]
  0x000002c2d9079b40 JavaThread "http-nio-8080-exec-7" daemon [_thread_blocked, id=28800, stack(0x000000d917f00000,0x000000d918000000)]
  0x000002c2d907e050 JavaThread "http-nio-8080-exec-8" daemon [_thread_blocked, id=29384, stack(0x000000d918000000,0x000000d918100000)]
  0x000002c2d907c5c0 JavaThread "http-nio-8080-exec-9" daemon [_thread_blocked, id=3148, stack(0x000000d918100000,0x000000d918200000)]
  0x000002c2d907bb20 JavaThread "http-nio-8080-exec-10" daemon [_thread_blocked, id=26916, stack(0x000000d918200000,0x000000d918300000)]
  0x000002c2d907d060 JavaThread "http-nio-8080-Poller" daemon [_thread_blocked, id=21300, stack(0x000000d918300000,0x000000d918400000)]
  0x000002c2d9080030 JavaThread "http-nio-8080-Acceptor" daemon [_thread_in_native, id=25320, stack(0x000000d918400000,0x000000d918500000)]
  0x000002c2d907db00 JavaThread "DestroyJavaVM" [_thread_blocked, id=25316, stack(0x000000d914e00000,0x000000d914f00000)]

Other Threads:
=>0x000002c2d36cb090 VMThread "VM Thread" [stack: 0x000000d915400000,0x000000d915500000] [id=29280]
  0x000002c2bf1316a0 WatcherThread "VM Periodic Task Thread" [stack: 0x000000d916800000,0x000000d916900000] [id=23392]
  0x000002c2bf18d2e0 WorkerThread "GC Thread#0" [stack: 0x000000d914f00000,0x000000d915000000] [id=21784]
  0x000002c2d8671150 WorkerThread "GC Thread#1" [stack: 0x000000d916900000,0x000000d916a00000] [id=24328]
  0x000002c2d8671420 WorkerThread "GC Thread#2" [stack: 0x000000d916a00000,0x000000d916b00000] [id=4236]
  0x000002c2d8701d00 WorkerThread "GC Thread#3" [stack: 0x000000d916b00000,0x000000d916c00000] [id=27768]
  0x000002c2d8701fd0 WorkerThread "GC Thread#4" [stack: 0x000000d916c00000,0x000000d916d00000] [id=7232]
  0x000002c2d87022a0 WorkerThread "GC Thread#5" [stack: 0x000000d916d00000,0x000000d916e00000] [id=29076]
  0x000002c2d87036a0 WorkerThread "GC Thread#6" [stack: 0x000000d916e00000,0x000000d916f00000] [id=19328]
  0x000002c2d8702e30 WorkerThread "GC Thread#7" [stack: 0x000000d916f00000,0x000000d917000000] [id=12816]
  0x000002c2bf1a16d0 ConcurrentGCThread "G1 Main Marker" [stack: 0x000000d915000000,0x000000d915100000] [id=18784]
  0x000002c2bf1a2010 WorkerThread "G1 Conc#0" [stack: 0x000000d915100000,0x000000d915200000] [id=28736]
  0x000002c2d8702b60 WorkerThread "G1 Conc#1" [stack: 0x000000d917300000,0x000000d917400000] [id=20192]
  0x000002c2bf1eeb70 ConcurrentGCThread "G1 Refine#0" [stack: 0x000000d915200000,0x000000d915300000] [id=3120]
  0x000002c2d3588750 ConcurrentGCThread "G1 Service" [stack: 0x000000d915300000,0x000000d915400000] [id=3860]

Threads with active compile tasks:

VM state: at safepoint (normal execution)

VM Mutex/Monitor currently owned by a thread:  ([mutex/lock_event])
[0x000002c2bf12a460] Threads_lock - owner thread: 0x000002c2d36cb090

Heap address: 0x0000000082600000, size: 2010 MB, Compressed Oops mode: 32-bit

CDS archive(s) mapped at: [0x0000000800000000-0x0000000800c40000-0x0000000800c40000), size 12845056, SharedBaseAddress: 0x0000000800000000, ArchiveRelocationMode: 0.
Compressed class space mapped at: 0x0000000801000000-0x0000000841000000, reserved size: 1073741824
Narrow klass base: 0x0000000800000000, Narrow klass shift: 0, Narrow klass range: 0x100000000

GC Precious Log:
 CardTable entry size: 512
 Card Set container configuration: InlinePtr #cards 5 size 8 Array Of Cards #cards 12 size 40 Howl #buckets 4 coarsen threshold 1843 Howl Bitmap #cards 512 size 80 coarsen threshold 460 Card regions per heap region 1 cards per card region 2048
 CPUs: 8 total, 8 available
 Memory: 8037M
 Large Page Support: Disabled
 NUMA Support: Disabled
 Compressed Oops: Enabled (32-bit)
 Heap Region Size: 1M
 Heap Min Capacity: 8M
 Heap Initial Capacity: 126M
 Heap Max Capacity: 2010M
 Pre-touch: Disabled
 Parallel Workers: 8
 Concurrent Workers: 2
 Concurrent Refinement Workers: 8
 Periodic GC: Disabled

Heap:
 garbage-first heap   total 68608K, used 25414K [0x0000000082600000, 0x0000000100000000)
  region size 1024K, 4 young (4096K), 1 survivors (1024K)
 Metaspace       used 48834K, committed 49280K, reserved 1114112K
  class space    used 6425K, committed 6656K, reserved 1048576K

Heap Regions: E=young(eden), S=young(survivor), O=old, HS=humongous(starts), HC=humongous(continues), CS=collection set, F=free, OA=open archive, CA=closed archive, TAMS=top-at-mark-start (previous, next)
|   0|0x0000000082600000, 0x0000000082700000, 0x0000000082700000|100%|HS|  |TAMS 0x0000000082700000, 0x0000000082600000| Complete 
|   1|0x0000000082700000, 0x0000000082800000, 0x0000000082800000|100%| O|  |TAMS 0x0000000082800000, 0x0000000082700000| Untracked 
|   2|0x0000000082800000, 0x0000000082900000, 0x0000000082900000|100%| O|  |TAMS 0x0000000082900000, 0x0000000082800000| Untracked 
|   3|0x0000000082900000, 0x0000000082a00000, 0x0000000082a00000|100%| O|  |TAMS 0x0000000082a00000, 0x0000000082900000| Untracked 
|   4|0x0000000082a00000, 0x0000000082b00000, 0x0000000082b00000|100%| O|  |TAMS 0x0000000082b00000, 0x0000000082a00000| Untracked 
|   5|0x0000000082b00000, 0x0000000082c00000, 0x0000000082c00000|100%| O|  |TAMS 0x0000000082c00000, 0x0000000082b00000| Untracked 
|   6|0x0000000082c00000, 0x0000000082d00000, 0x0000000082d00000|100%| O|  |TAMS 0x0000000082d00000, 0x0000000082c00000| Untracked 
|   7|0x0000000082d00000, 0x0000000082e00000, 0x0000000082e00000|100%| O|  |TAMS 0x0000000082d00000, 0x0000000082d00000| Untracked 
|   8|0x0000000082e00000, 0x0000000082f00000, 0x0000000082f00000|100%| O|  |TAMS 0x0000000082f00000, 0x0000000082e00000| Untracked 
|   9|0x0000000082f00000, 0x0000000083000000, 0x0000000083000000|100%| O|  |TAMS 0x0000000083000000, 0x0000000082f00000| Untracked 
|  10|0x0000000083000000, 0x0000000083100000, 0x0000000083100000|100%| O|  |TAMS 0x0000000083100000, 0x0000000083000000| Untracked 
|  11|0x0000000083100000, 0x0000000083200000, 0x0000000083200000|100%| O|  |TAMS 0x0000000083200000, 0x0000000083100000| Untracked 
|  12|0x0000000083200000, 0x0000000083300000, 0x0000000083300000|100%| O|  |TAMS 0x0000000083300000, 0x0000000083200000| Untracked 
|  13|0x0000000083300000, 0x0000000083400000, 0x0000000083400000|100%| O|  |TAMS 0x0000000083400000, 0x0000000083300000| Untracked 
|  14|0x0000000083400000, 0x0000000083500000, 0x0000000083500000|100%| O|  |TAMS 0x0000000083500000, 0x0000000083400000| Untracked 
|  15|0x0000000083500000, 0x0000000083600000, 0x0000000083600000|100%| O|  |TAMS 0x0000000083500000, 0x0000000083500000| Untracked 
|  16|0x0000000083600000, 0x0000000083700000, 0x0000000083700000|100%| O|  |TAMS 0x0000000083600000, 0x0000000083600000| Untracked 
|  17|0x0000000083700000, 0x0000000083800000, 0x0000000083800000|100%| O|  |TAMS 0x0000000083700000, 0x0000000083700000| Untracked 
|  18|0x0000000083800000, 0x0000000083900000, 0x0000000083900000|100%| O|  |TAMS 0x0000000083800000, 0x0000000083800000| Untracked 
|  19|0x0000000083900000, 0x0000000083a00000, 0x0000000083a00000|100%| O|  |TAMS 0x0000000083900000, 0x0000000083900000| Untracked 
|  20|0x0000000083a00000, 0x0000000083b00000, 0x0000000083b00000|100%| O|  |TAMS 0x0000000083a00000, 0x0000000083a00000| Untracked 
|  21|0x0000000083b00000, 0x0000000083c00000, 0x0000000083c00000|100%| O|  |TAMS 0x0000000083b00000, 0x0000000083b00000| Untracked 
|  22|0x0000000083c00000, 0x0000000083c51800, 0x0000000083d00000| 31%| O|  |TAMS 0x0000000083c00000, 0x0000000083c00000| Untracked 
|  23|0x0000000083d00000, 0x0000000083d00000, 0x0000000083e00000|  0%| F|  |TAMS 0x0000000083d00000, 0x0000000083d00000| Untracked 
|  24|0x0000000083e00000, 0x0000000083e00000, 0x0000000083f00000|  0%| F|  |TAMS 0x0000000083e00000, 0x0000000083e00000| Untracked 
|  25|0x0000000083f00000, 0x0000000083f00000, 0x0000000084000000|  0%| F|  |TAMS 0x0000000083f00000, 0x0000000083f00000| Untracked 
|  26|0x0000000084000000, 0x0000000084000000, 0x0000000084100000|  0%| F|  |TAMS 0x0000000084000000, 0x0000000084000000| Untracked 
|  27|0x0000000084100000, 0x0000000084100000, 0x0000000084200000|  0%| F|  |TAMS 0x0000000084100000, 0x0000000084100000| Untracked 
|  28|0x0000000084200000, 0x0000000084200000, 0x0000000084300000|  0%| F|  |TAMS 0x0000000084200000, 0x0000000084200000| Untracked 
|  29|0x0000000084300000, 0x0000000084300000, 0x0000000084400000|  0%| F|  |TAMS 0x0000000084300000, 0x0000000084300000| Untracked 
|  30|0x0000000084400000, 0x0000000084400000, 0x0000000084500000|  0%| F|  |TAMS 0x0000000084400000, 0x0000000084400000| Untracked 
|  31|0x0000000084500000, 0x0000000084500000, 0x0000000084600000|  0%| F|  |TAMS 0x0000000084500000, 0x0000000084500000| Untracked 
|  32|0x0000000084600000, 0x0000000084600000, 0x0000000084700000|  0%| F|  |TAMS 0x0000000084600000, 0x0000000084600000| Untracked 
|  33|0x0000000084700000, 0x0000000084700000, 0x0000000084800000|  0%| F|  |TAMS 0x0000000084700000, 0x0000000084700000| Untracked 
|  34|0x0000000084800000, 0x0000000084800000, 0x0000000084900000|  0%| F|  |TAMS 0x0000000084800000, 0x0000000084800000| Untracked 
|  35|0x0000000084900000, 0x00000000849801f8, 0x0000000084a00000| 50%| S|CS|TAMS 0x0000000084900000, 0x0000000084900000| Complete 
|  36|0x0000000084a00000, 0x0000000084a00000, 0x0000000084b00000|  0%| F|  |TAMS 0x0000000084a00000, 0x0000000084a00000| Untracked 
|  37|0x0000000084b00000, 0x0000000084b00000, 0x0000000084c00000|  0%| F|  |TAMS 0x0000000084b00000, 0x0000000084b00000| Untracked 
|  38|0x0000000084c00000, 0x0000000084c00000, 0x0000000084d00000|  0%| F|  |TAMS 0x0000000084c00000, 0x0000000084c00000| Untracked 
|  39|0x0000000084d00000, 0x0000000084d00000, 0x0000000084e00000|  0%| F|  |TAMS 0x0000000084d00000, 0x0000000084d00000| Untracked 
|  40|0x0000000084e00000, 0x0000000084e00000, 0x0000000084f00000|  0%| F|  |TAMS 0x0000000084e00000, 0x0000000084e00000| Untracked 
|  41|0x0000000084f00000, 0x0000000084f00000, 0x0000000085000000|  0%| F|  |TAMS 0x0000000084f00000, 0x0000000084f00000| Untracked 
|  42|0x0000000085000000, 0x0000000085000000, 0x0000000085100000|  0%| F|  |TAMS 0x0000000085000000, 0x0000000085000000| Untracked 
|  43|0x0000000085100000, 0x0000000085100000, 0x0000000085200000|  0%| F|  |TAMS 0x0000000085100000, 0x0000000085100000| Untracked 
|  44|0x0000000085200000, 0x0000000085200000, 0x0000000085300000|  0%| F|  |TAMS 0x0000000085200000, 0x0000000085200000| Untracked 
|  45|0x0000000085300000, 0x0000000085300000, 0x0000000085400000|  0%| F|  |TAMS 0x0000000085300000, 0x0000000085300000| Untracked 
|  46|0x0000000085400000, 0x0000000085400000, 0x0000000085500000|  0%| F|  |TAMS 0x0000000085400000, 0x0000000085400000| Untracked 
|  47|0x0000000085500000, 0x0000000085500000, 0x0000000085600000|  0%| F|  |TAMS 0x0000000085500000, 0x0000000085500000| Untracked 
|  48|0x0000000085600000, 0x0000000085600000, 0x0000000085700000|  0%| F|  |TAMS 0x0000000085600000, 0x0000000085600000| Untracked 
|  49|0x0000000085700000, 0x0000000085700000, 0x0000000085800000|  0%| F|  |TAMS 0x0000000085700000, 0x0000000085700000| Untracked 
|  50|0x0000000085800000, 0x0000000085800000, 0x0000000085900000|  0%| F|  |TAMS 0x0000000085800000, 0x0000000085800000| Untracked 
|  51|0x0000000085900000, 0x0000000085900000, 0x0000000085a00000|  0%| F|  |TAMS 0x0000000085900000, 0x0000000085900000| Untracked 
|  52|0x0000000085a00000, 0x0000000085a00000, 0x0000000085b00000|  0%| F|  |TAMS 0x0000000085a00000, 0x0000000085a00000| Untracked 
|  53|0x0000000085b00000, 0x0000000085b00000, 0x0000000085c00000|  0%| F|  |TAMS 0x0000000085b00000, 0x0000000085b00000| Untracked 
|  54|0x0000000085c00000, 0x0000000085c00000, 0x0000000085d00000|  0%| F|  |TAMS 0x0000000085c00000, 0x0000000085c00000| Untracked 
|  55|0x0000000085d00000, 0x0000000085d00000, 0x0000000085e00000|  0%| F|  |TAMS 0x0000000085d00000, 0x0000000085d00000| Untracked 
|  56|0x0000000085e00000, 0x0000000085e00000, 0x0000000085f00000|  0%| F|  |TAMS 0x0000000085e00000, 0x0000000085e00000| Untracked 
|  57|0x0000000085f00000, 0x0000000085f00000, 0x0000000086000000|  0%| F|  |TAMS 0x0000000085f00000, 0x0000000085f00000| Untracked 
|  58|0x0000000086000000, 0x0000000086000000, 0x0000000086100000|  0%| F|  |TAMS 0x0000000086000000, 0x0000000086000000| Untracked 
|  59|0x0000000086100000, 0x0000000086100000, 0x0000000086200000|  0%| F|  |TAMS 0x0000000086100000, 0x0000000086100000| Untracked 
|  60|0x0000000086200000, 0x0000000086200000, 0x0000000086300000|  0%| F|  |TAMS 0x0000000086200000, 0x0000000086200000| Untracked 
|  61|0x0000000086300000, 0x0000000086300000, 0x0000000086400000|  0%| F|  |TAMS 0x0000000086300000, 0x0000000086300000| Untracked 
|  87|0x0000000087d00000, 0x0000000087d00000, 0x0000000087e00000|  0%| F|  |TAMS 0x0000000087d00000, 0x0000000087d00000| Untracked 
|  88|0x0000000087e00000, 0x0000000087e00000, 0x0000000087f00000|  0%| F|  |TAMS 0x0000000087e00000, 0x0000000087e00000| Untracked 
|  89|0x0000000087f00000, 0x0000000088000000, 0x0000000088000000|100%| E|  |TAMS 0x0000000087f00000, 0x0000000087f00000| Complete 
| 124|0x000000008a200000, 0x000000008a300000, 0x000000008a300000|100%| E|CS|TAMS 0x000000008a200000, 0x000000008a200000| Complete 
| 125|0x000000008a300000, 0x000000008a400000, 0x000000008a400000|100%| E|CS|TAMS 0x000000008a300000, 0x000000008a300000| Complete 

Card table byte_map: [0x000002c2cc570000,0x000002c2cc960000] _byte_map_base: 0x000002c2cc15d000

Marking Bits (Prev, Next): (CMBitMap*) 0x000002c2bf18e830, (CMBitMap*) 0x000002c2bf18e870
 Prev Bits: [0x000002c2ccd50000, 0x000002c2cecb8000)
 Next Bits: [0x000002c2cecc0000, 0x000002c2d0c28000)

Polling page: 0x000002c2bf1f0000

Metaspace:

Usage:
  Non-class:     41.42 MB used.
      Class:      6.27 MB used.
       Both:     47.69 MB used.

Virtual space:
  Non-class space:       64.00 MB reserved,      41.62 MB ( 65%) committed,  1 nodes.
      Class space:        1.00 GB reserved,       6.50 MB ( <1%) committed,  1 nodes.
             Both:        1.06 GB reserved,      48.12 MB (  4%) committed. 

Chunk freelists:
   Non-Class:  2.25 MB
       Class:  1.31 MB
        Both:  3.56 MB

MaxMetaspaceSize: unlimited
CompressedClassSpaceSize: 1.00 GB
Initial GC threshold: 21.00 MB
Current GC threshold: 58.88 MB
CDS: on
MetaspaceReclaimPolicy: balanced
 - commit_granule_bytes: 65536.
 - commit_granule_words: 8192.
 - virtual_space_node_default_size: 8388608.
 - enlarge_chunks_in_place: 1.
 - new_chunks_are_fully_committed: 0.
 - uncommit_free_chunks: 1.
 - use_allocation_guard: 0.


Internal statistics:

num_allocs_failed_limit: 6.
num_arena_births: 704.
num_arena_deaths: 0.
num_vsnodes_births: 2.
num_vsnodes_deaths: 0.
num_space_committed: 770.
num_space_uncommitted: 0.
num_chunks_returned_to_freelist: 6.
num_chunks_taken_from_freelist: 2434.
num_chunk_merges: 6.
num_chunk_splits: 1742.
num_chunks_enlarged: 1373.
num_inconsistent_stats: 0.

CodeCache: size=49152Kb used=9429Kb max_used=10473Kb free=39722Kb
 bounds [0x000002c2c88a0000, 0x000002c2c92e0000, 0x000002c2cb8a0000]
 total_blobs=5459 nmethods=4837 adapters=546
 compilation: enabled
              stopped_count=0, restarted_count=0
 full_count=0

Compilation events (20 events):
Event: 260.204 Thread 0x000002c2d3707680 4827       1       jdk.internal.misc.Unsafe::getAndSetLong (24 bytes)
Event: 260.204 Thread 0x000002c2d3707680 nmethod 4827 0x000002c2c8a67090 code [0x000002c2c8a67220, 0x000002c2c8a67338]
Event: 260.204 Thread 0x000002c2d3707680 4828   !   1       sun.nio.ch.SelectorImpl::lockAndDoSelect (87 bytes)
Event: 260.205 Thread 0x000002c2d3707680 nmethod 4828 0x000002c2c8a66590 code [0x000002c2c8a66780, 0x000002c2c8a66ca8]
Event: 260.205 Thread 0x000002c2d3707680 4829   !   1       sun.nio.ch.WEPollSelectorImpl::doSelect (132 bytes)
Event: 260.205 Thread 0x000002c2d3707680 nmethod 4829 0x000002c2c8a65b10 code [0x000002c2c8a65d40, 0x000002c2c8a661a8]
Event: 260.205 Thread 0x000002c2d3707680 4831       1       sun.nio.ch.SelectorImpl::begin (9 bytes)
Event: 260.205 Thread 0x000002c2d3707680 nmethod 4831 0x000002c2c8a65810 code [0x000002c2c8a659a0, 0x000002c2c8a65a88]
Event: 261.214 Thread 0x000002c2d3707680 4832       1       sun.nio.ch.SelectorImpl::end (9 bytes)
Event: 261.214 Thread 0x000002c2d3707680 nmethod 4832 0x000002c2c8a65410 code [0x000002c2c8a655c0, 0x000002c2c8a65708]
Event: 261.215 Thread 0x000002c2d3707680 4834   !   1       org.apache.tomcat.util.net.NioEndpoint$Poller::timeout (565 bytes)
Event: 261.216 Thread 0x000002c2d3707680 nmethod 4834 0x000002c2c8a63190 code [0x000002c2c8a63540, 0x000002c2c8a64548]
Event: 261.217 Thread 0x000002c2d3707680 4833       1       sun.nio.ch.WEPollSelectorImpl::processEvents (152 bytes)
Event: 261.217 Thread 0x000002c2d3707680 nmethod 4833 0x000002c2c8a62610 code [0x000002c2c8a62820, 0x000002c2c8a62d88]
Event: 261.217 Thread 0x000002c2d3707680 4835       1       org.apache.tomcat.util.net.NioEndpoint::access$100 (4 bytes)
Event: 261.217 Thread 0x000002c2d3707680 nmethod 4835 0x000002c2c8a62310 code [0x000002c2c8a624a0, 0x000002c2c8a62558]
Event: 261.217 Thread 0x000002c2d3707680 4836       1       sun.nio.ch.SelectorImpl::select (35 bytes)
Event: 261.218 Thread 0x000002c2d3707680 nmethod 4836 0x000002c2c8a61e90 code [0x000002c2c8a62040, 0x000002c2c8a62238]
Event: 261.218 Thread 0x000002c2d3707680 4837       1       java.nio.channels.spi.AbstractSelector::begin (48 bytes)
Event: 261.218 Thread 0x000002c2d3707680 nmethod 4837 0x000002c2c8a61690 code [0x000002c2c8a61860, 0x000002c2c8a61c48]

GC Heap History (20 events):
Event: 2.279 GC heap before
{Heap before GC invocations=4 (full 0):
 garbage-first heap   total 55296K, used 43961K [0x0000000082600000, 0x0000000100000000)
  region size 1024K, 36 young (36864K), 6 survivors (6144K)
 Metaspace       used 24670K, committed 25088K, reserved 1114112K
  class space    used 3213K, committed 3392K, reserved 1048576K
}
Event: 2.291 GC heap after
{Heap after GC invocations=5 (full 0):
 garbage-first heap   total 55296K, used 15409K [0x0000000082600000, 0x0000000100000000)
  region size 1024K, 3 young (3072K), 3 survivors (3072K)
 Metaspace       used 24670K, committed 25088K, reserved 1114112K
  class space    used 3213K, committed 3392K, reserved 1048576K
}
Event: 2.304 GC heap before
{Heap before GC invocations=5 (full 0):
 garbage-first heap   total 55296K, used 16433K [0x0000000082600000, 0x0000000100000000)
  region size 1024K, 4 young (4096K), 3 survivors (3072K)
 Metaspace       used 24714K, committed 25152K, reserved 1114112K
  class space    used 3220K, committed 3392K, reserved 1048576K
}
Event: 2.309 GC heap after
{Heap after GC invocations=6 (full 0):
 garbage-first heap   total 55296K, used 15949K [0x0000000082600000, 0x0000000100000000)
  region size 1024K, 1 young (1024K), 1 survivors (1024K)
 Metaspace       used 24714K, committed 25152K, reserved 1114112K
  class space    used 3220K, committed 3392K, reserved 1048576K
}
Event: 2.605 GC heap before
{Heap before GC invocations=6 (full 0):
 garbage-first heap   total 55296K, used 36429K [0x0000000082600000, 0x0000000100000000)
  region size 1024K, 22 young (22528K), 1 survivors (1024K)
 Metaspace       used 30512K, committed 30976K, reserved 1114112K
  class space    used 3801K, committed 4032K, reserved 1048576K
}
Event: 2.607 GC heap after
{Heap after GC invocations=7 (full 0):
 garbage-first heap   total 110592K, used 17282K [0x0000000082600000, 0x0000000100000000)
  region size 1024K, 2 young (2048K), 2 survivors (2048K)
 Metaspace       used 30512K, committed 30976K, reserved 1114112K
  class space    used 3801K, committed 4032K, reserved 1048576K
}
Event: 2.905 GC heap before
{Heap before GC invocations=7 (full 0):
 garbage-first heap   total 110592K, used 34690K [0x0000000082600000, 0x0000000100000000)
  region size 1024K, 20 young (20480K), 2 survivors (2048K)
 Metaspace       used 35519K, committed 35968K, reserved 1114112K
  class space    used 4599K, committed 4864K, reserved 1048576K
}
Event: 2.908 GC heap after
{Heap after GC invocations=8 (full 0):
 garbage-first heap   total 110592K, used 18170K [0x0000000082600000, 0x0000000100000000)
  region size 1024K, 3 young (3072K), 3 survivors (3072K)
 Metaspace       used 35519K, committed 35968K, reserved 1114112K
  class space    used 4599K, committed 4864K, reserved 1048576K
}
Event: 3.418 GC heap before
{Heap before GC invocations=9 (full 0):
 garbage-first heap   total 68608K, used 56058K [0x0000000082600000, 0x0000000100000000)
  region size 1024K, 40 young (40960K), 3 survivors (3072K)
 Metaspace       used 43254K, committed 43712K, reserved 1114112K
  class space    used 5727K, committed 5952K, reserved 1048576K
}
Event: 3.423 GC heap after
{Heap after GC invocations=10 (full 0):
 garbage-first heap   total 68608K, used 20708K [0x0000000082600000, 0x0000000100000000)
  region size 1024K, 4 young (4096K), 4 survivors (4096K)
 Metaspace       used 43254K, committed 43712K, reserved 1114112K
  class space    used 5727K, committed 5952K, reserved 1048576K
}
Event: 3.436 GC heap before
{Heap before GC invocations=10 (full 0):
 garbage-first heap   total 68608K, used 21732K [0x0000000082600000, 0x0000000100000000)
  region size 1024K, 5 young (5120K), 4 survivors (4096K)
 Metaspace       used 43515K, committed 43968K, reserved 1114112K
  class space    used 5761K, committed 6016K, reserved 1048576K
}
Event: 3.439 GC heap after
{Heap after GC invocations=11 (full 0):
 garbage-first heap   total 68608K, used 20809K [0x0000000082600000, 0x0000000100000000)
  region size 1024K, 1 young (1024K), 1 survivors (1024K)
 Metaspace       used 43515K, committed 43968K, reserved 1114112K
  class space    used 5761K, committed 6016K, reserved 1048576K
}
Event: 5.053 GC heap before
{Heap before GC invocations=11 (full 0):
 garbage-first heap   total 68608K, used 51529K [0x0000000082600000, 0x0000000100000000)
  region size 1024K, 31 young (31744K), 1 survivors (1024K)
 Metaspace       used 46496K, committed 47040K, reserved 1114112K
  class space    used 6174K, committed 6464K, reserved 1048576K
}
Event: 5.057 GC heap after
{Heap after GC invocations=12 (full 0):
 garbage-first heap   total 68608K, used 23338K [0x0000000082600000, 0x0000000100000000)
  region size 1024K, 4 young (4096K), 4 survivors (4096K)
 Metaspace       used 46496K, committed 47040K, reserved 1114112K
  class space    used 6174K, committed 6464K, reserved 1048576K
}
Event: 14.171 GC heap before
{Heap before GC invocations=12 (full 0):
 garbage-first heap   total 68608K, used 50986K [0x0000000082600000, 0x0000000100000000)
  region size 1024K, 31 young (31744K), 4 survivors (4096K)
 Metaspace       used 46532K, committed 47104K, reserved 1114112K
  class space    used 6181K, committed 6464K, reserved 1048576K
}
Event: 14.174 GC heap after
{Heap after GC invocations=13 (full 0):
 garbage-first heap   total 68608K, used 23326K [0x0000000082600000, 0x0000000100000000)
  region size 1024K, 1 young (1024K), 1 survivors (1024K)
 Metaspace       used 46532K, committed 47104K, reserved 1114112K
  class space    used 6181K, committed 6464K, reserved 1048576K
}
Event: 26.298 GC heap before
{Heap before GC invocations=13 (full 0):
 garbage-first heap   total 68608K, used 53022K [0x0000000082600000, 0x0000000100000000)
  region size 1024K, 30 young (30720K), 1 survivors (1024K)
 Metaspace       used 46534K, committed 47104K, reserved 1114112K
  class space    used 6181K, committed 6464K, reserved 1048576K
}
Event: 26.299 GC heap after
{Heap after GC invocations=14 (full 0):
 garbage-first heap   total 68608K, used 23364K [0x0000000082600000, 0x0000000100000000)
  region size 1024K, 1 young (1024K), 1 survivors (1024K)
 Metaspace       used 46534K, committed 47104K, reserved 1114112K
  class space    used 6181K, committed 6464K, reserved 1048576K
}
Event: 37.049 GC heap before
{Heap before GC invocations=14 (full 0):
 garbage-first heap   total 68608K, used 54084K [0x0000000082600000, 0x0000000100000000)
  region size 1024K, 31 young (31744K), 1 survivors (1024K)
 Metaspace       used 48123K, committed 48576K, reserved 1114112K
  class space    used 6354K, committed 6592K, reserved 1048576K
}
Event: 37.052 GC heap after
{Heap after GC invocations=15 (full 0):
 garbage-first heap   total 68608K, used 23366K [0x0000000082600000, 0x0000000100000000)
  region size 1024K, 1 young (1024K), 1 survivors (1024K)
 Metaspace       used 48123K, committed 48576K, reserved 1114112K
  class space    used 6354K, committed 6592K, reserved 1048576K
}

Dll operation events (10 events):
Event: 0.010 Loaded shared library C:\Program Files\Java\jdk-19\bin\java.dll
Event: 0.019 Loaded shared library C:\Program Files\Java\jdk-19\bin\jsvml.dll
Event: 0.232 Loaded shared library C:\Program Files\Java\jdk-19\bin\jimage.dll
Event: 0.242 Loaded shared library C:\Program Files\Java\jdk-19\bin\net.dll
Event: 0.243 Loaded shared library C:\Program Files\Java\jdk-19\bin\nio.dll
Event: 0.247 Loaded shared library C:\Program Files\Java\jdk-19\bin\zip.dll
Event: 0.302 Loaded shared library C:\Program Files\Java\jdk-19\bin\management.dll
Event: 0.313 Loaded shared library C:\Program Files\Java\jdk-19\bin\management_ext.dll
Event: 0.565 Loaded shared library C:\Program Files\Java\jdk-19\bin\extnet.dll
Event: 2.228 Loaded shared library C:\Program Files\Java\jdk-19\bin\sunmscapi.dll

Deoptimization events (20 events):
Event: 36.995 Thread 0x000002c2d90795f0 DEOPT PACKING pc=0x000002c2c8d57db9 sp=0x000000d9179fdb50
Event: 36.995 Thread 0x000002c2d90795f0 DEOPT UNPACKING pc=0x000002c2c8907543 sp=0x000000d9179fcfa8 mode 1
Event: 36.995 Thread 0x000002c2d90795f0 DEOPT PACKING pc=0x000002c2c8d5601c sp=0x000000d9179fdbe0
Event: 36.995 Thread 0x000002c2d90795f0 DEOPT UNPACKING pc=0x000002c2c8907543 sp=0x000000d9179fd098 mode 1
Event: 37.002 Thread 0x000002c2d90795f0 DEOPT PACKING pc=0x000002c2c8d57db9 sp=0x000000d9179fcc60
Event: 37.002 Thread 0x000002c2d90795f0 DEOPT UNPACKING pc=0x000002c2c8907543 sp=0x000000d9179fc0b8 mode 1
Event: 37.002 Thread 0x000002c2d90795f0 DEOPT PACKING pc=0x000002c2c8d5601c sp=0x000000d9179fccf0
Event: 37.002 Thread 0x000002c2d90795f0 DEOPT UNPACKING pc=0x000002c2c8907543 sp=0x000000d9179fc198 mode 1
Event: 37.002 Thread 0x000002c2d90795f0 DEOPT PACKING pc=0x000002c2c8cfc164 sp=0x000000d9179fd670
Event: 37.002 Thread 0x000002c2d90795f0 DEOPT UNPACKING pc=0x000002c2c8907543 sp=0x000000d9179fcb38 mode 1
Event: 37.002 Thread 0x000002c2d90795f0 DEOPT PACKING pc=0x000002c2c8f39c34 sp=0x000000d9179fd700
Event: 37.002 Thread 0x000002c2d90795f0 DEOPT UNPACKING pc=0x000002c2c8907543 sp=0x000000d9179fcbe8 mode 1
Event: 37.002 Thread 0x000002c2d90795f0 DEOPT PACKING pc=0x000002c2c8d57db9 sp=0x000000d9179fcc60
Event: 37.002 Thread 0x000002c2d90795f0 DEOPT UNPACKING pc=0x000002c2c8907543 sp=0x000000d9179fc0b8 mode 1
Event: 37.002 Thread 0x000002c2d90795f0 DEOPT PACKING pc=0x000002c2c8d5601c sp=0x000000d9179fccf0
Event: 37.002 Thread 0x000002c2d90795f0 DEOPT UNPACKING pc=0x000002c2c8907543 sp=0x000000d9179fc198 mode 1
Event: 37.002 Thread 0x000002c2d90795f0 DEOPT PACKING pc=0x000002c2c8cfc164 sp=0x000000d9179fd670
Event: 37.002 Thread 0x000002c2d90795f0 DEOPT UNPACKING pc=0x000002c2c8907543 sp=0x000000d9179fcb38 mode 1
Event: 37.002 Thread 0x000002c2d90795f0 DEOPT PACKING pc=0x000002c2c8cfbe5c sp=0x000000d9179fd700
Event: 37.002 Thread 0x000002c2d90795f0 DEOPT UNPACKING pc=0x000002c2c8907543 sp=0x000000d9179fcbd8 mode 1

Classes loaded (20 events):
Event: 36.972 Loading class sun/nio/cs/ThreadLocalCoders
Event: 36.972 Loading class sun/nio/cs/ThreadLocalCoders done
Event: 36.972 Loading class sun/nio/cs/ThreadLocalCoders$1
Event: 36.972 Loading class sun/nio/cs/ThreadLocalCoders$Cache
Event: 36.973 Loading class sun/nio/cs/ThreadLocalCoders$Cache done
Event: 36.973 Loading class sun/nio/cs/ThreadLocalCoders$1 done
Event: 36.973 Loading class sun/nio/cs/ThreadLocalCoders$2
Event: 36.973 Loading class sun/nio/cs/ThreadLocalCoders$2 done
Event: 37.025 Loading class java/time/format/DateTimeFormatterBuilder$ZoneTextPrinterParser
Event: 37.026 Loading class java/time/format/DateTimeFormatterBuilder$ZoneTextPrinterParser done
Event: 37.026 Loading class java/time/format/DateTimeFormatterBuilder$ReducedPrinterParser
Event: 37.026 Loading class java/time/format/DateTimeFormatterBuilder$ReducedPrinterParser done
Event: 37.029 Loading class java/util/OptionalLong
Event: 37.029 Loading class java/util/OptionalLong done
Event: 37.029 Loading class java/util/OptionalDouble
Event: 37.029 Loading class java/util/OptionalDouble done
Event: 37.034 Loading class org/w3c/dom/Node
Event: 37.035 Loading class org/w3c/dom/Node done
Event: 37.035 Loading class org/w3c/dom/Document
Event: 37.035 Loading class org/w3c/dom/Document done

Classes unloaded (0 events):
No events

Classes redefined (0 events):
No events

Internal exceptions (20 events):
Event: 32.381 Thread 0x000002c2d370e760 Exception <a 'java/lang/ClassNotFoundException'{0x00000000852a1018}: org/springframework/context/support/LiveBeansView> (0x00000000852a1018) 
thrown [s\open\src\hotspot\share\classfile\systemDictionary.cpp, line 255]
Event: 32.381 Thread 0x000002c2d370e760 Exception <a 'java/lang/ClassNotFoundException'{0x00000000852a13c0}: org/springframework/context/support/LiveBeansView> (0x00000000852a13c0) 
thrown [s\open\src\hotspot\share\classfile\systemDictionary.cpp, line 255]
Event: 32.381 Thread 0x000002c2d370e760 Exception <a 'java/lang/ClassNotFoundException'{0x00000000852a1788}: org/springframework/context/support/LiveBeansView> (0x00000000852a1788) 
thrown [s\open\src\hotspot\share\classfile\systemDictionary.cpp, line 255]
Event: 32.381 Thread 0x000002c2d370e760 Exception <a 'java/lang/ClassNotFoundException'{0x00000000852a1b48}: org/springframework/context/support/LiveBeansView> (0x00000000852a1b48) 
thrown [s\open\src\hotspot\share\classfile\systemDictionary.cpp, line 255]
Event: 32.381 Thread 0x000002c2d370e760 Exception <a 'java/lang/ClassNotFoundException'{0x00000000852a1f00}: org/springframework/context/support/LiveBeansView> (0x00000000852a1f00) 
thrown [s\open\src\hotspot\share\classfile\systemDictionary.cpp, line 255]
Event: 32.381 Thread 0x000002c2d370e760 Exception <a 'java/lang/ClassNotFoundException'{0x00000000852a22b0}: org/springframework/context/support/LiveBeansView> (0x00000000852a22b0) 
thrown [s\open\src\hotspot\share\classfile\systemDictionary.cpp, line 255]
Event: 32.382 Thread 0x000002c2d370e760 Exception <a 'java/lang/ClassNotFoundException'{0x00000000852a2678}: org/springframework/context/support/LiveBeansView> (0x00000000852a2678) 
thrown [s\open\src\hotspot\share\classfile\systemDictionary.cpp, line 255]
Event: 32.382 Thread 0x000002c2d370e760 Exception <a 'java/lang/ClassNotFoundException'{0x00000000852a2a28}: org/springframework/context/support/LiveBeansView> (0x00000000852a2a28) 
thrown [s\open\src\hotspot\share\classfile\systemDictionary.cpp, line 255]
Event: 32.382 Thread 0x000002c2d370e760 Exception <a 'java/lang/ClassNotFoundException'{0x00000000852a2df0}: org/springframework/context/support/LiveBeansView> (0x00000000852a2df0) 
thrown [s\open\src\hotspot\share\classfile\systemDictionary.cpp, line 255]
Event: 32.382 Thread 0x000002c2d370e760 Exception <a 'java/lang/ClassNotFoundException'{0x00000000852a31b0}: org/springframework/context/support/LiveBeansView> (0x00000000852a31b0) 
thrown [s\open\src\hotspot\share\classfile\systemDictionary.cpp, line 255]
Event: 32.382 Thread 0x000002c2d370e760 Exception <a 'java/lang/ClassNotFoundException'{0x00000000852a3568}: org/springframework/context/support/LiveBeansView> (0x00000000852a3568) 
thrown [s\open\src\hotspot\share\classfile\systemDictionary.cpp, line 255]
Event: 32.382 Thread 0x000002c2d370e760 Exception <a 'java/lang/ClassNotFoundException'{0x00000000852a3920}: org/springframework/context/support/LiveBeansView> (0x00000000852a3920) 
thrown [s\open\src\hotspot\share\classfile\systemDictionary.cpp, line 255]
Event: 32.382 Thread 0x000002c2d370e760 Exception <a 'java/lang/ClassNotFoundException'{0x00000000852a3ce8}: org/springframework/context/support/LiveBeansView> (0x00000000852a3ce8) 
thrown [s\open\src\hotspot\share\classfile\systemDictionary.cpp, line 255]
Event: 32.382 Thread 0x000002c2d370e760 Exception <a 'java/lang/ClassNotFoundException'{0x00000000852a40b0}: org/springframework/context/support/LiveBeansView> (0x00000000852a40b0) 
thrown [s\open\src\hotspot\share\classfile\systemDictionary.cpp, line 255]
Event: 32.382 Thread 0x000002c2d370e760 Exception <a 'java/lang/ClassNotFoundException'{0x00000000852a4458}: org/springframework/context/support/LiveBeansView> (0x00000000852a4458) 
thrown [s\open\src\hotspot\share\classfile\systemDictionary.cpp, line 255]
Event: 32.382 Thread 0x000002c2d370e760 Exception <a 'java/lang/ClassNotFoundException'{0x00000000852a4818}: org/springframework/context/support/LiveBeansView> (0x00000000852a4818) 
thrown [s\open\src\hotspot\share\classfile\systemDictionary.cpp, line 255]
Event: 32.382 Thread 0x000002c2d370e760 Exception <a 'java/lang/ClassNotFoundException'{0x00000000852a4bc8}: org/springframework/context/support/LiveBeansView> (0x00000000852a4bc8) 
thrown [s\open\src\hotspot\share\classfile\systemDictionary.cpp, line 255]
Event: 32.388 Thread 0x000002c2d370e760 Exception <a 'java/lang/ClassNotFoundException'{0x00000000850bb338}: org/springframework/context/support/LiveBeansView> (0x00000000850bb338) 
thrown [s\open\src\hotspot\share\classfile\systemDictionary.cpp, line 255]
Event: 32.388 Thread 0x000002c2d370e760 Exception <a 'java/lang/ClassNotFoundException'{0x00000000850bb780}: org/springframework/context/support/LiveBeansView> (0x00000000850bb780) 
thrown [s\open\src\hotspot\share\classfile\systemDictionary.cpp, line 255]
Event: 32.388 Thread 0x000002c2d370e760 Exception <a 'java/lang/ClassNotFoundException'{0x00000000850bbb38}: org/springframework/context/support/LiveBeansView> (0x00000000850bbb38) 
thrown [s\open\src\hotspot\share\classfile\systemDictionary.cpp, line 255]

VM Operations (20 events):
Event: 43.691 Executing VM operation: get/set locals done
Event: 43.692 Executing VM operation: get/set locals
Event: 43.692 Executing VM operation: get/set locals done
Event: 78.067 Executing VM operation: Cleanup
Event: 78.067 Executing VM operation: Cleanup done
Event: 154.799 Executing VM operation: Cleanup
Event: 154.799 Executing VM operation: Cleanup done
Event: 191.157 Executing VM operation: Cleanup
Event: 191.157 Executing VM operation: Cleanup done
Event: 193.183 Executing VM operation: Cleanup
Event: 193.183 Executing VM operation: Cleanup done
Event: 200.258 Executing VM operation: Cleanup
Event: 200.258 Executing VM operation: Cleanup done
Event: 203.276 Executing VM operation: Cleanup
Event: 203.276 Executing VM operation: Cleanup done
Event: 277.113 Executing VM operation: ChangeSingleStep
Event: 277.113 Executing VM operation: ChangeSingleStep done
Event: 277.114 Executing VM operation: ChangeSingleStep
Event: 277.114 Executing VM operation: ChangeSingleStep done
Event: 277.141 Executing VM operation: RedefineClasses

Events (20 events):
Event: 3.752 Thread 0x000002c2d90795f0 Thread added: 0x000002c2d90795f0
Event: 3.752 Thread 0x000002c2d907b080 Thread added: 0x000002c2d907b080
Event: 3.752 Thread 0x000002c2d907ab30 Thread added: 0x000002c2d907ab30
Event: 3.753 Thread 0x000002c2d907a5e0 Thread added: 0x000002c2d907a5e0
Event: 3.753 Thread 0x000002c2d907c070 Thread added: 0x000002c2d907c070
Event: 3.753 Thread 0x000002c2d907f040 Thread added: 0x000002c2d907f040
Event: 3.753 Thread 0x000002c2d9079b40 Thread added: 0x000002c2d9079b40
Event: 3.753 Thread 0x000002c2d907e050 Thread added: 0x000002c2d907e050
Event: 3.754 Thread 0x000002c2d907c5c0 Thread added: 0x000002c2d907c5c0
Event: 3.754 Thread 0x000002c2d907bb20 Thread added: 0x000002c2d907bb20
Event: 3.771 Thread 0x000002c2d907d060 Thread added: 0x000002c2d907d060
Event: 3.772 Thread 0x000002c2d9080030 Thread added: 0x000002c2d9080030
Event: 3.784 Thread 0x000002c2bf130680 Thread exited: 0x000002c2bf130680
Event: 3.784 Thread 0x000002c2d907db00 Thread added: 0x000002c2d907db00
Event: 4.939 Thread 0x000002c2d79e3490 Thread exited: 0x000002c2d79e3490
Event: 5.940 Thread 0x000002c2d36bdab0 Thread exited: 0x000002c2d36bdab0
Event: 5.940 Thread 0x000002c2d36bd3b0 Thread exited: 0x000002c2d36bd3b0
Event: 7.528 Thread 0x000002c2d907d5b0 Thread exited: 0x000002c2d907d5b0
Event: 32.390 Thread 0x000002c2d907b5d0 Thread exited: 0x000002c2d907b5d0
Event: 152.847 Thread 0x000002c2d370e760 Thread exited: 0x000002c2d370e760


Dynamic libraries:
0x00007ff7be970000 - 0x00007ff7be980000 	C:\Program Files\Java\jdk-19\bin\javaw.exe
0x00007ff87d850000 - 0x00007ff87da48000 	C:\WINDOWS\SYSTEM32\ntdll.dll
0x00007ff858460000 - 0x00007ff858477000 	C:\Program Files\Avast Software\Avast\aswhook.dll
0x00007ff87ceb0000 - 0x00007ff87cf6d000 	C:\WINDOWS\System32\KERNEL32.DLL
0x00007ff87b480000 - 0x00007ff87b74e000 	C:\WINDOWS\System32\KERNELBASE.dll
0x00007ff87b0e0000 - 0x00007ff87b1e0000 	C:\WINDOWS\System32\ucrtbase.dll
0x00007ff837df0000 - 0x00007ff837e0b000 	C:\Program Files\Java\jdk-19\bin\VCRUNTIME140.dll
0x00007ff837e10000 - 0x00007ff837e28000 	C:\Program Files\Java\jdk-19\bin\jli.dll
0x00007ff87c160000 - 0x00007ff87c20e000 	C:\WINDOWS\System32\ADVAPI32.dll
0x00007ff87d770000 - 0x00007ff87d80e000 	C:\WINDOWS\System32\msvcrt.dll
0x00007ff87d020000 - 0x00007ff87d0bc000 	C:\WINDOWS\System32\sechost.dll
0x00007ff87c210000 - 0x00007ff87c335000 	C:\WINDOWS\System32\RPCRT4.dll
0x00007ff87b9f0000 - 0x00007ff87bb90000 	C:\WINDOWS\System32\USER32.dll
0x00007ff87b020000 - 0x00007ff87b042000 	C:\WINDOWS\System32\win32u.dll
0x00007ff87b9c0000 - 0x00007ff87b9ea000 	C:\WINDOWS\System32\GDI32.dll
0x00007ff8645b0000 - 0x00007ff86484a000 	C:\WINDOWS\WinSxS\amd64_microsoft.windows.common-controls_6595b64144ccf1df_6.0.19041.1110_none_60b5254171f9507e\COMCTL32.dll
0x00007ff87b750000 - 0x00007ff87b85b000 	C:\WINDOWS\System32\gdi32full.dll
0x00007ff87b1e0000 - 0x00007ff87b27d000 	C:\WINDOWS\System32\msvcp_win.dll
0x00007ff86f610000 - 0x00007ff86f61a000 	C:\WINDOWS\SYSTEM32\VERSION.dll
0x00007ff87c0b0000 - 0x00007ff87c0e0000 	C:\WINDOWS\System32\IMM32.DLL
0x00007ff8649e0000 - 0x00007ff8649ec000 	C:\Program Files\Java\jdk-19\bin\vcruntime140_1.dll
0x00007ff831550000 - 0x00007ff8315de000 	C:\Program Files\Java\jdk-19\bin\msvcp140.dll
0x00007ff808950000 - 0x00007ff809610000 	C:\Program Files\Java\jdk-19\bin\server\jvm.dll
0x00007ff85ffe0000 - 0x00007ff860007000 	C:\WINDOWS\SYSTEM32\WINMM.dll
0x00007ff85fbc0000 - 0x00007ff85fbc9000 	C:\WINDOWS\SYSTEM32\WSOCK32.dll
0x00007ff87c5c0000 - 0x00007ff87c62b000 	C:\WINDOWS\System32\WS2_32.dll
0x00007ff8797f0000 - 0x00007ff879802000 	C:\WINDOWS\SYSTEM32\kernel.appcore.dll
0x00007ff8714f0000 - 0x00007ff8714fa000 	C:\Program Files\Java\jdk-19\bin\jimage.dll
0x00007ff8793a0000 - 0x00007ff879584000 	C:\WINDOWS\SYSTEM32\DBGHELP.DLL
0x00007ff86dad0000 - 0x00007ff86dafc000 	C:\WINDOWS\SYSTEM32\dbgcore.DLL
0x00007ff87b050000 - 0x00007ff87b0d2000 	C:\WINDOWS\System32\bcryptPrimitives.dll
0x00007ff870e50000 - 0x00007ff870e8c000 	C:\Program Files\Java\jdk-19\bin\jdwp.dll
0x00007ff85ecb0000 - 0x00007ff85ecd6000 	C:\Program Files\Java\jdk-19\bin\java.dll
0x00007ff838990000 - 0x00007ff838a67000 	C:\Program Files\Java\jdk-19\bin\jsvml.dll
0x00007ff87c630000 - 0x00007ff87cd73000 	C:\WINDOWS\System32\SHELL32.dll
0x00007ff878b40000 - 0x00007ff8792d5000 	C:\WINDOWS\SYSTEM32\windows.storage.dll
0x00007ff87bd40000 - 0x00007ff87c094000 	C:\WINDOWS\System32\combase.dll
0x00007ff87a9d0000 - 0x00007ff87aa00000 	C:\WINDOWS\SYSTEM32\Wldp.dll
0x00007ff87b910000 - 0x00007ff87b9bd000 	C:\WINDOWS\System32\SHCORE.dll
0x00007ff87d640000 - 0x00007ff87d695000 	C:\WINDOWS\System32\shlwapi.dll
0x00007ff87aeb0000 - 0x00007ff87aecf000 	C:\WINDOWS\SYSTEM32\profapi.dll
0x00007ff877e90000 - 0x00007ff877e9c000 	C:\Program Files\Java\jdk-19\bin\dt_socket.dll
0x00007ff87a3d0000 - 0x00007ff87a40b000 	C:\WINDOWS\SYSTEM32\IPHLPAPI.DLL
0x00007ff87a730000 - 0x00007ff87a79a000 	C:\WINDOWS\system32\mswsock.dll
0x00007ff87a420000 - 0x00007ff87a4ea000 	C:\WINDOWS\SYSTEM32\DNSAPI.dll
0x00007ff87c0a0000 - 0x00007ff87c0a8000 	C:\WINDOWS\System32\NSI.dll
0x00007ff86f320000 - 0x00007ff86f32a000 	C:\Windows\System32\rasadhlp.dll
0x00007ff861680000 - 0x00007ff861700000 	C:\WINDOWS\System32\fwpuclnt.dll
0x00007ff87b280000 - 0x00007ff87b2a7000 	C:\WINDOWS\System32\bcrypt.dll
0x00007ff86d320000 - 0x00007ff86d333000 	C:\Program Files\Java\jdk-19\bin\net.dll
0x00007ff878280000 - 0x00007ff87838a000 	C:\WINDOWS\SYSTEM32\WINHTTP.dll
0x00007ff866eb0000 - 0x00007ff866ec6000 	C:\Program Files\Java\jdk-19\bin\nio.dll
0x00007ff863490000 - 0x00007ff8634a8000 	C:\Program Files\Java\jdk-19\bin\zip.dll
0x00007ff86d990000 - 0x00007ff86d99a000 	C:\Program Files\Java\jdk-19\bin\management.dll
0x00007ff8635c0000 - 0x00007ff8635cb000 	C:\Program Files\Java\jdk-19\bin\management_ext.dll
0x00007ff87cd80000 - 0x00007ff87cd88000 	C:\WINDOWS\System32\PSAPI.DLL
0x00007ff84e190000 - 0x00007ff84e1a7000 	C:\WINDOWS\system32\napinsp.dll
0x00007ff84f1d0000 - 0x00007ff84f1eb000 	C:\WINDOWS\system32\pnrpnsp.dll
0x00007ff872550000 - 0x00007ff872565000 	C:\WINDOWS\system32\wshbth.dll
0x00007ff872f00000 - 0x00007ff872f1d000 	C:\WINDOWS\system32\NLAapi.dll
0x00007ff84f1f0000 - 0x00007ff84f202000 	C:\WINDOWS\System32\winrnr.dll
0x00007ff87a920000 - 0x00007ff87a938000 	C:\WINDOWS\SYSTEM32\CRYPTSP.dll
0x00007ff87a040000 - 0x00007ff87a074000 	C:\WINDOWS\system32\rsaenh.dll
0x00007ff87ae70000 - 0x00007ff87ae9e000 	C:\WINDOWS\SYSTEM32\USERENV.dll
0x00007ff87a940000 - 0x00007ff87a94c000 	C:\WINDOWS\SYSTEM32\CRYPTBASE.dll
0x00007ff86db00000 - 0x00007ff86db17000 	C:\WINDOWS\SYSTEM32\dhcpcsvc6.DLL
0x00007ff86dfa0000 - 0x00007ff86dfbd000 	C:\WINDOWS\SYSTEM32\dhcpcsvc.DLL
0x00007ff858450000 - 0x00007ff858458000 	C:\Program Files\Java\jdk-19\bin\extnet.dll
0x00007ff861110000 - 0x00007ff86111e000 	C:\Program Files\Java\jdk-19\bin\sunmscapi.dll
0x00007ff87b320000 - 0x00007ff87b476000 	C:\WINDOWS\System32\CRYPT32.dll
0x00007ff87aa40000 - 0x00007ff87aa67000 	C:\WINDOWS\SYSTEM32\ncrypt.dll
0x00007ff87aa00000 - 0x00007ff87aa3b000 	C:\WINDOWS\SYSTEM32\NTASN1.dll
0x00007ff877e70000 - 0x00007ff877e77000 	C:\WINDOWS\system32\wshunix.dll

dbghelp: loaded successfully - version: 4.0.5 - missing functions: none
symbol engine: initialized successfully - sym options: 0x614 - pdb path: .;C:\Program Files\Java\jdk-19\bin;C:\WINDOWS\SYSTEM32;C:\Program Files\Avast Software\Avast;C:\WINDOWS\WinSxS\amd64_microsoft.windows.common-controls_6595b64144ccf1df_6.0.19041.1110_none_60b5254171f9507e;C:\Program Files\Java\jdk-19\bin\server

VM Arguments:
jvm_args: -agentlib:jdwp=transport=dt_socket,suspend=y,address=localhost:52194 -Dcom.sun.management.jmxremote -Dcom.sun.management.jmxremote.port=52193 -Dcom.sun.management.jmxremote.authenticate=false -Dcom.sun.management.jmxremote.ssl=false -Djava.rmi.server.hostname=localhost -Dspring.jmx.enabled=true -Dspring.application.admin.enabled=true -Xverify:none -XX:TieredStopAtLevel=1 -Dspring.boot.project.name=spring-boot-jpa-h2 -Dfile.encoding=UTF-8 
java_command: com.bezkoder.spring.jpa.h2.SpringBootJpaH2Application --spring.output.ansi.enabled=always
java_class_path (initial): E:\SpringbootApp\spring-boot-h2-database-crud-master\target\classes;C:\Users\Ramesh Anem\.m2\repository\org\springframework\boot\spring-boot-starter-data-jpa\2.7.0\spring-boot-starter-data-jpa-2.7.0.jar;C:\Users\Ramesh Anem\.m2\repository\org\springframework\boot\spring-boot-starter-aop\2.7.0\spring-boot-starter-aop-2.7.0.jar;C:\Users\Ramesh Anem\.m2\repository\org\springframework\spring-aop\5.3.20\spring-aop-5.3.20.jar;C:\Users\Ramesh Anem\.m2\repository\org\aspectj\aspectjweaver\1.9.7\aspectjweaver-1.9.7.jar;C:\Users\Ramesh Anem\.m2\repository\org\springframework\boot\spring-boot-starter-jdbc\2.7.0\spring-boot-starter-jdbc-2.7.0.jar;C:\Users\Ramesh Anem\.m2\repository\com\zaxxer\HikariCP\4.0.3\HikariCP-4.0.3.jar;C:\Users\Ramesh Anem\.m2\repository\org\springframework\spring-jdbc\5.3.20\spring-jdbc-5.3.20.jar;C:\Users\Ramesh Anem\.m2\repository\jakarta\transaction\jakarta.transaction-api\1.3.3\jakarta.transaction-api-1.3.3.jar;C:\Users\Ramesh Anem\.m2\repository\jakarta\persistence\jakarta.persistence-api\2.2.3\jakarta.persistence-api-2.2.3.jar;C:\Users\Ramesh Anem\.m2\repository\org\hibernate\hibernate-core\5.6.9.Final\hibernate-core-5.6.9.Final.jar;C:\Users\Ramesh Anem\.m2\repository\org\jboss\logging\jboss-logging\3.4.3.Final\jboss-logging-3.4.3.Final.jar;C:\Users\Ramesh Anem\.m2\repository\net\bytebuddy\byte-buddy\1.12.10\byte-buddy-1.12.10.jar;C:\Users\Ramesh Anem\.m2\repository\antlr\antlr\2.7.7\antlr-2.7.7.jar;C:\Users\Ramesh Anem\.m2\repository\org\jboss\jandex\2.4.2.Final\jandex-2.4.2.Final.jar;C:\Users\Ramesh Anem\.m2\repository\com\fasterxml\classmate\1.5.1\classmate-1.5.1.jar;C:\Users\Ramesh Anem\.m2\repository\org\hibernate\common\hibernate-commons-annotations\5.1.2.Final\hibernate-commons-annotations-5.1.2.Final.jar;C:\Users\Ramesh Anem\.m2\repository\org\glassfish\jaxb\jaxb-runtime\2.3.6\jaxb-runtime-2.3.6.jar;C:\Users\Ramesh Anem\.m2\repository\org\glassfish\jaxb\txw2\2.3.6\txw2-2.3.6.jar;C:\Users\Ramesh Anem\.m2\repository\com\sun\istack\istack-commons-runtime\3.0.12\istack-commons-runtime-3.0.12.jar;C:\Users\Ramesh Anem\.m2\repository\com\sun\activation\jakarta.activation\1.2.2\jakarta.activation-1.2.2.jar;C:\Users\Ramesh Anem\.m2\repository\org\springframework\data\spring-data-jpa\2.7.0\spring-data-jpa-2.7.0.jar;C:\Users\Ramesh Anem\.m2\repository\org\springframework\data\spring-data-commons\2.7.0\spring-data-commons-2.7.0.jar;C:\Users\Ramesh Anem\.m2\repository\org\springframework\spring-orm\5.3.20\spring-orm-5.3.20.jar;C:\Users\Ramesh Anem\.m2\repository\org\springframework\spring-context\5.3.20\spring-context-5.3.20.jar;C:\Users\Ramesh Anem\.m2\repository\org\springframework\spring-tx\5.3.20\spring-tx-5.3.20.jar;C:\Users\Ramesh Anem\.m2\repository\org\springframework\spring-beans\5.3.20\spring-beans-5.3.20.jar;C:\Users\Ramesh Anem\.m2\repository\org\slf4j\slf4j-api\1.7.36\slf4j-api-1.7.36.jar;C:\Users\Ramesh Anem\.m2\repository\org\springframework\spring-aspects\5.3.20\spring-aspects-5.3.20.jar;C:\Users\Ramesh Anem\.m2\repository\org\springframework\boot\spring-boot-starter-web\2.7.0\spring-boot-starter-web-2.7.0.jar;C:\Users\Ramesh Anem\.m2\repository\org\springframework\boot\spring-boot-starter\2.7.0\spring-boot-starter-2.7.0.jar;C:\Users\Ramesh Anem\.m2\repository\org\springframework\boot\spring-boot\2.7.0\spring-boot-2.7.0.jar;C:\Users\Ramesh Anem\.m2\repository\org\springframework\boot\spring-boot-autoconfigure\2.7.0\spring-boot-autoconfigure-2.7.0.jar;C:\Users\Ramesh Anem\.m2\repository\org\springframework\boot\spring-boot-starter-logging\2.7.0\spring-boot-starter-logging-2.7.0.jar;C:\Users\Ramesh Anem\.m2\repository\ch\qos\logback\logback-classic\1.2.11\logback-classic-1.2.11.jar;C:\Users\Ramesh Anem\.m2\repository\ch\qos\logback\logback-core\1.2.11\logback-core-1.2.11.jar;C:\Users\Ramesh Anem\.m2\repository\org\apache\logging\log4j\log4j-to-slf4j\2.17.2\log4j-to-slf4j-2.17.2.jar;C:\Users\Ramesh Anem\.m2\repository\org\apache\logging\log4j\log4j-api\2.17.2\log4j-api-2.17.2.jar;C:\Users\Ramesh Anem\.m2\repository\org\slf4j\jul-to-slf4j\1.7.36\jul-to-slf4j-1.7.36.jar;C:\Users\Ramesh Anem\.m2\repository\jakarta\annotation\jakarta.annotation-api\1.3.5\jakarta.annotation-api-1.3.5.jar;C:\Users\Ramesh Anem\.m2\repository\org\yaml\snakeyaml\1.30\snakeyaml-1.30.jar;C:\Users\Ramesh Anem\.m2\repository\org\springframework\boot\spring-boot-starter-json\2.7.0\spring-boot-starter-json-2.7.0.jar;C:\Users\Ramesh Anem\.m2\repository\com\fasterxml\jackson\core\jackson-databind\2.13.3\jackson-databind-2.13.3.jar;C:\Users\Ramesh Anem\.m2\repository\com\fasterxml\jackson\core\jackson-annotations\2.13.3\jackson-annotations-2.13.3.jar;C:\Users\Ramesh Anem\.m2\repository\com\fasterxml\jackson\core\jackson-core\2.13.3\jackson-core-2.13.3.jar;C:\Users\Ramesh Anem\.m2\repository\com\fasterxml\jackson\datatype\jackson-datatype-jdk8\2.13.3\jackson-datatype-jdk8-2.13.3.jar;C:\Users\Ramesh Anem\.m2\repository\com\fasterxml\jackson\datatype\jackson-datatype-jsr310\2.13.3\jackson-datatype-jsr310-2.13.3.jar;C:\Users\Ramesh Anem\.m2\repository\com\fasterxml\jackson\module\jackson-module-parameter-names\2.13.3\jackson-module-parameter-names-2.13.3.jar;C:\Users\Ramesh Anem\.m2\repository\org\springframework\boot\spring-boot-starter-tomcat\2.7.0\spring-boot-starter-tomcat-2.7.0.jar;C:\Users\Ramesh Anem\.m2\repository\org\apache\tomcat\embed\tomcat-embed-core\9.0.63\tomcat-embed-core-9.0.63.jar;C:\Users\Ramesh Anem\.m2\repository\org\apache\tomcat\embed\tomcat-embed-el\9.0.63\tomcat-embed-el-9.0.63.jar;C:\Users\Ramesh Anem\.m2\repository\org\apache\tomcat\embed\tomcat-embed-websocket\9.0.63\tomcat-embed-websocket-9.0.63.jar;C:\Users\Ramesh Anem\.m2\repository\org\springframework\spring-web\5.3.20\spring-web-5.3.20.jar;C:\Users\Ramesh Anem\.m2\repository\org\springframework\spring-webmvc\5.3.20\spring-webmvc-5.3.20.jar;C:\Users\Ramesh Anem\.m2\repository\org\springframework\spring-expression\5.3.20\spring-expression-5.3.20.jar;C:\Users\Ramesh Anem\.m2\repository\com\h2database\h2\2.1.212\h2-2.1.212.jar;C:\Users\Ramesh Anem\.m2\repository\jakarta\xml\bind\jakarta.xml.bind-api\2.3.3\jakarta.xml.bind-api-2.3.3.jar;C:\Users\Ramesh Anem\.m2\repository\jakarta\activation\jakarta.activation-api\1.2.2\jakarta.activation-api-1.2.2.jar;C:\Users\Ramesh Anem\.m2\repository\org\springframework\spring-core\5.3.20\spring-core-5.3.20.jar;C:\Users\Ramesh Anem\.m2\repository\org\springframework\spring-jcl\5.3.20\spring-jcl-5.3.20.jar
Launcher Type: SUN_STANDARD

[Global flags]
     intx CICompilerCount                          = 4                                         {product} {ergonomic}
     uint ConcGCThreads                            = 2                                         {product} {ergonomic}
     uint G1ConcRefinementThreads                  = 8                                         {product} {ergonomic}
   size_t G1HeapRegionSize                         = 1048576                                   {product} {ergonomic}
    uintx GCDrainStackTargetSize                   = 64                                        {product} {ergonomic}
   size_t InitialHeapSize                          = 132120576                                 {product} {ergonomic}
     bool ManagementServer                         = true                                      {product} {command line}
   size_t MarkStackSize                            = 4194304                                   {product} {ergonomic}
   size_t MaxHeapSize                              = 2107637760                                {product} {ergonomic}
   size_t MaxNewSize                               = 1264582656                                {product} {ergonomic}
   size_t MinHeapDeltaBytes                        = 1048576                                   {product} {ergonomic}
   size_t MinHeapSize                              = 8388608                                   {product} {ergonomic}
    uintx NonProfiledCodeHeapSize                  = 0                                      {pd product} {ergonomic}
     bool ProfileInterpreter                       = false                                  {pd product} {command line}
    uintx ProfiledCodeHeapSize                     = 0                                      {pd product} {ergonomic}
   size_t SoftMaxHeapSize                          = 2107637760                             {manageable} {ergonomic}
     intx TieredStopAtLevel                        = 1                                         {product} {command line}
     bool UseCompressedClassPointers               = true                           {product lp64_product} {ergonomic}
     bool UseCompressedOops                        = true                           {product lp64_product} {ergonomic}
     bool UseG1GC                                  = true                                      {product} {ergonomic}
     bool UseLargePagesIndividualAllocation        = false                                  {pd product} {ergonomic}

Logging:
Log output configuration:
 #0: stdout all=warning uptime,level,tags foldmultilines=false
 #1: stderr all=off uptime,level,tags foldmultilines=false

Environment Variables:
PATH=C:/Program Files/Java/jdk-19/bin/server;C:/Program Files/Java/jdk-19/bin;C:\Python310\Scripts\;C:\Python310\;C:\Windows\system32;C:\Windows;C:\Windows\System32\Wbem;C:\Windows\System32\WindowsPowerShell\v1.0\;C:\Windows\System32\OpenSSH\;C:\Program Files (x86)\NVIDIA Corporation\PhysX\Common;C:\Program Files\NVIDIA Corporation\NVIDIA NvDLISR;C:\ProgramData\chocolatey\bin;C:\WINDOWS\system32;C:\WINDOWS;C:\WINDOWS\System32\Wbem;C:\WINDOWS\System32\WindowsPowerShell\v1.0\;C:\WINDOWS\System32\OpenSSH\;C:\Program Files\Git\cmd;C:\Program Files\nodejs\;C:\Program Files\Java\jdk-19\bin;C:\Users\Ramesh Anem\AppData\Local\Programs\Microsoft VS Code\bin;C:\Users\Ramesh Anem\AppData\Local\Microsoft\WindowsApps;C:\Users\Ramesh Anem\AppData\Roaming\npm;C:\Users\Ramesh Anem\AppData\Local\GitHubDesktop\bin;;C:\Users\Ramesh Anem\Downloads\Desktop\sts-4.4.1.RELEASE;
USERNAME=Ramesh Anem
OS=Windows_NT
PROCESSOR_IDENTIFIER=Intel64 Family 6 Model 142 Stepping 11, GenuineIntel
TMP=C:\Users\RAMESH~1\AppData\Local\Temp
TEMP=C:\Users\RAMESH~1\AppData\Local\Temp



---------------  S Y S T E M  ---------------

OS:
 Windows 10 , 64 bit Build 19041 (10.0.19041.1889)
OS uptime: 7 days 3:03 hours

CPU: total 8 (initial active 8) (4 cores per cpu, 2 threads per core) family 6 model 142 stepping 11 microcode 0xea, cx8, cmov, fxsr, ht, mmx, 3dnowpref, sse, sse2, sse3, ssse3, sse4.1, sse4.2, popcnt, lzcnt, tsc, tscinvbit, avx, avx2, aes, erms, clmul, bmi1, bmi2, adx, fma, vzeroupper, clflush, clflushopt, rdtscp

Memory: 4k page, system-wide physical 8037M (406M free)
TotalPageFile size 13213M (AvailPageFile size 1912M)
current process WorkingSet (physical memory assigned to process): 188M, peak: 188M
current process commit charge ("private bytes"): 229M, peak: 255M

vm_info: Java HotSpot(TM) 64-Bit Server VM (19+36-2238) for windows-amd64 JRE (19+36-2238), built on 2022-08-12T20:29:01Z by "mach5one" with MS VC++ 17.1 (VS2022)

END.
